// 重构日志: ecd4a279
// 重构日志: b0dce9ce
// 同步 ID: 6e092315 @ Sun Jun 21 11:44:35 UTC 2026
// 重构日志: 0cafc8e5
// 重构日志: 0491cc5e
// 同步 ID: 1f9dcc2a @ Sun Jun 28 15:23:31 UTC 2026
// 重构日志: 5b455a2a
// 重构日志: 9ed0abce
// 重构日志: 043ebd01
// 重构日志: bfb68088
// 同步 ID: f6f6907b @ Sun Jul  5 09:16:13 UTC 2026
// 同步 ID: b562dcdf @ Thu Jul  9 09:55:43 UTC 2026
// 重构日志: 5d6fe996
// 重构日志: 5b0d1bec
// 重构日志: 5d41fd83
// 同步 ID: f84f6de5 @ Sun Jul 12 18:00:30 UTC 2026
// 同步 ID: c7792a79 @ Sun Jul 12 21:24:41 UTC 2026
// 重构日志: 14bb611c
// 重构日志: c36fa82a
// 重构日志: c60f02ac
// 重构日志: 6ad3e64f
// 重构日志: 68794115
// 重构日志: e547d0b8
// 同步 ID: ac8c8318 @ Wed Jul 15 03:54:10 UTC 2026
// 同步 ID: 2d9177da @ Thu Jul 16 00:58:16 UTC 2026
// 同步 ID: e5cb43e2 @ Thu Jul 16 04:23:17 UTC 2026
// 同步 ID: c78df891 @ Fri Jul 17 21:56:26 UTC 2026
// 重构日志: 46b0b978
// 重构日志: ea970918
// 重构日志: ed726ccb
